<?xml version="1.0" encoding="utf-8"?><testsuites><testsuite name="pytest" errors="0" failures="0" skipped="0" tests="4" time="221.702" timestamp="2024-10-10T22:39:14.594016+05:30" hostname="DESKTOP-SAA85E8"><testcase classname="amazon_minitv_test.TestAmazonMiniTV" name="test_open_amazon_app" time="81.654" /><testcase classname="amazon_minitv_test.TestAmazonMiniTV" name="test_open_mini_tv" time="23.507" /><testcase classname="amazon_minitv_test.TestAmazonMiniTV" name="test_select_series" time="52.984" /><testcase classname="amazon_minitv_test.TestAmazonMiniTV" name="test_play_first_episode" time="62.893" /></testsuite></testsuites>